[2023-11-20 22:57:43,879: INFO: main: Welcome]
[2023-11-22 16:34:31,342: INFO: common: yaml file: config\config.yaml loaded sucessfully]
[2023-11-22 16:34:31,352: INFO: common: yaml file: params.yaml loaded sucessfully]
[2023-11-22 16:34:31,353: INFO: common: created directory at: artifacts]
[2023-11-22 16:34:31,355: INFO: common: created directory at: artifacts/data_ingestion]
[2023-11-22 16:34:31,356: INFO: 2162787759: downloading data from https://drive.google.com/drive/folders/16G5Hp4qxUtqSqNejIYsGMDIJxwrZFhfj?usp=sharing into file artifacts/data_ingestion/kidney-ct-scan-image.zip]
[2023-11-22 16:37:29,070: INFO: common: yaml file: config\config.yaml loaded sucessfully]
[2023-11-22 16:37:29,072: INFO: common: yaml file: params.yaml loaded sucessfully]
[2023-11-22 16:37:29,075: INFO: common: created directory at: artifacts]
[2023-11-22 16:37:29,076: INFO: common: created directory at: artifacts/data_ingestion]
[2023-11-22 16:37:29,076: INFO: 885720271: downloading data from https://drive.google.com/drive/folders/16G5Hp4qxUtqSqNejIYsGMDIJxwrZFhfj?usp=sharing into file artifacts/data_ingestion/kidney-ct-scan-image.zip]
[2023-11-22 16:39:30,997: INFO: common: yaml file: config\config.yaml loaded sucessfully]
[2023-11-22 16:39:30,999: INFO: common: yaml file: params.yaml loaded sucessfully]
[2023-11-22 16:39:30,999: INFO: common: created directory at: artifacts]
[2023-11-22 16:39:31,000: INFO: common: created directory at: artifacts/data_ingestion]
[2023-11-22 16:39:31,001: INFO: 1291460029: downloading data from https://drive.google.com/drive/folders/16G5Hp4qxUtqSqNejIYsGMDIJxwrZFhfj?usp=sharing into file artifacts/data_ingestion/kidney-ct-scan-image.zip]
[2023-11-22 16:39:32,539: INFO: 1291460029: Downloaded data from https://drive.google.com/drive/folders/16G5Hp4qxUtqSqNejIYsGMDIJxwrZFhfj?usp=sharing into firl artifacts/data_ingestion/kidney-ct-scan-image.zip]
[2023-11-22 16:39:53,663: INFO: common: yaml file: config\config.yaml loaded sucessfully]
[2023-11-22 16:39:53,664: INFO: common: yaml file: params.yaml loaded sucessfully]
[2023-11-22 16:39:53,665: INFO: common: created directory at: artifacts]
[2023-11-22 16:39:53,665: INFO: common: created directory at: artifacts/data_ingestion]
[2023-11-22 16:39:53,666: INFO: 3122853211: downloading data from https://drive.google.com/drive/folders/16G5Hp4qxUtqSqNejIYsGMDIJxwrZFhfj?usp=sharing into file artifacts/data_ingestion/kidney-ct-scan-image.zip]
[2023-11-22 16:39:55,074: INFO: 3122853211: Downloaded data from https://drive.google.com/drive/folders/16G5Hp4qxUtqSqNejIYsGMDIJxwrZFhfj?usp=sharing into firl artifacts/data_ingestion/kidney-ct-scan-image.zip]
[2023-11-22 16:42:01,042: INFO: common: yaml file: config\config.yaml loaded sucessfully]
[2023-11-22 16:42:01,043: INFO: common: yaml file: params.yaml loaded sucessfully]
[2023-11-22 16:42:01,044: INFO: common: created directory at: artifacts]
[2023-11-22 16:42:01,045: INFO: common: created directory at: artifacts/data_ingestion]
[2023-11-22 16:42:01,046: INFO: 172992989: downloading data from https://drive.google.com/file/d/1BIZl4temqz4r3sbJ1ljQBPQzs0hyHmt0/view?usp=sharing into file artifacts/data_ingestion/kidney-ct-scan-image.zip]
[2023-11-22 16:42:02,761: INFO: 172992989: Downloaded data from https://drive.google.com/file/d/1BIZl4temqz4r3sbJ1ljQBPQzs0hyHmt0/view?usp=sharing into firl artifacts/data_ingestion/kidney-ct-scan-image.zip]
[2023-11-22 17:05:29,024: INFO: common: yaml file: config\config.yaml loaded successfully]
[2023-11-22 17:05:29,026: INFO: common: yaml file: params.yaml loaded successfully]
[2023-11-22 17:05:29,027: INFO: common: created directory at: artifacts]
[2023-11-22 17:05:29,029: INFO: common: created directory at: artifacts/data_ingestion]
[2023-11-22 17:05:29,030: INFO: 172992989: downloading data from https://drive.google.com/file/d/1BIZl4temqz4r3sbJ1ljQBPQzs0hyHmt0/view?usp=sharing into file artifacts/data_ingestion/kidney-ct-scan-image.zip]
[2023-11-22 17:05:30,314: INFO: 172992989: Downloaded data from https://drive.google.com/file/d/1BIZl4temqz4r3sbJ1ljQBPQzs0hyHmt0/view?usp=sharing into firl artifacts/data_ingestion/kidney-ct-scan-image.zip]
[2023-11-22 17:16:43,238: INFO: common: yaml file: config\config.yaml loaded successfully]
[2023-11-22 17:16:43,239: INFO: common: yaml file: params.yaml loaded successfully]
[2023-11-22 17:16:43,240: INFO: common: created directory at: artifacts]
[2023-11-22 17:16:43,241: INFO: common: created directory at: artifacts/data_ingestion]
[2023-11-22 17:16:43,242: INFO: 172992989: downloading data from https://drive.google.com/file/d/1BIZl4temqz4r3sbJ1ljQBPQzs0hyHmt0/view?usp=sharing into file artifacts/data_ingestion/kidney-ct-scan-image.zip]
[2023-11-22 17:16:44,491: INFO: 172992989: Downloaded data from https://drive.google.com/file/d/1BIZl4temqz4r3sbJ1ljQBPQzs0hyHmt0/view?usp=sharing into firl artifacts/data_ingestion/kidney-ct-scan-image.zip]
[2023-11-22 17:17:12,099: INFO: common: yaml file: config\config.yaml loaded successfully]
[2023-11-22 17:17:12,101: INFO: common: yaml file: params.yaml loaded successfully]
[2023-11-22 17:17:12,102: INFO: common: created directory at: artifacts]
[2023-11-22 17:17:12,103: INFO: common: created directory at: artifacts/data_ingestion]
[2023-11-22 17:17:12,104: INFO: 172992989: downloading data from https://drive.google.com/file/d/1BIZl4temqz4r3sbJ1ljQBPQzs0hyHmt0/view?usp=sharing into file artifacts/data_ingestion/kidney-ct-scan-image.zip]
[2023-11-22 17:17:13,583: INFO: 172992989: Downloaded data from https://drive.google.com/file/d/1BIZl4temqz4r3sbJ1ljQBPQzs0hyHmt0/view?usp=sharing into firl artifacts/data_ingestion/kidney-ct-scan-image.zip]
[2023-11-22 17:20:35,572: INFO: common: yaml file: config\config.yaml loaded successfully]
[2023-11-22 17:20:35,573: INFO: common: yaml file: params.yaml loaded successfully]
[2023-11-22 17:20:35,575: INFO: common: created directory at: artifacts]
[2023-11-22 17:20:35,576: INFO: common: created directory at: artifacts/data_ingestion]
[2023-11-22 17:20:35,577: INFO: 172992989: downloading data from https://drive.google.com/file/d/1B4KfV089MgvTnffdHtUQYIpVkUH5ehpd/view?usp=sharing into file artifacts/data_ingestion/kidney-ct-scan-image.zip]
[2023-11-22 17:20:37,123: INFO: 172992989: Downloaded data from https://drive.google.com/file/d/1B4KfV089MgvTnffdHtUQYIpVkUH5ehpd/view?usp=sharing into firl artifacts/data_ingestion/kidney-ct-scan-image.zip]
[2023-11-22 17:24:08,591: INFO: common: yaml file: config\config.yaml loaded successfully]
[2023-11-22 17:24:08,592: INFO: common: yaml file: params.yaml loaded successfully]
[2023-11-22 17:24:08,593: INFO: common: created directory at: artifacts]
[2023-11-22 17:24:08,594: INFO: common: created directory at: artifacts/data_ingestion]
[2023-11-22 17:24:08,595: INFO: 172992989: downloading data from https://drive.google.com/file/d/1B4KfV089MgvTnffdHtUQYIpVkUH5ehpd/view?usp=sharing into file artifacts/data_ingestion/kidney-ct-scan-image.zip]
[2023-11-22 17:24:10,030: INFO: 172992989: Downloaded data from https://drive.google.com/file/d/1B4KfV089MgvTnffdHtUQYIpVkUH5ehpd/view?usp=sharing into firl artifacts/data_ingestion/kidney-ct-scan-image.zip]
[2023-11-22 17:26:38,358: INFO: common: yaml file: config\config.yaml loaded successfully]
[2023-11-22 17:26:38,360: INFO: common: yaml file: params.yaml loaded successfully]
[2023-11-22 17:26:38,361: INFO: common: created directory at: artifacts]
[2023-11-22 17:26:38,363: INFO: common: created directory at: artifacts/data_ingestion]
[2023-11-22 17:26:38,364: INFO: 477817918: downloading data from https://drive.google.com/file/d/1B4KfV089MgvTnffdHtUQYIpVkUH5ehpd/view?usp=sharing into file artifacts/data_ingestion/kidney-ct-scan-image.zip]
[2023-11-22 17:26:47,874: INFO: 477817918: Downloaded data from https://drive.google.com/file/d/1B4KfV089MgvTnffdHtUQYIpVkUH5ehpd/view?usp=sharing into firl artifacts/data_ingestion/kidney-ct-scan-image.zip]
[2023-11-22 17:48:54,221: INFO: main: >>>> stage Data ingestion stage started <<<<]
[2023-11-22 17:48:54,222: INFO: common: yaml file: config\config.yaml loaded successfully]
[2023-11-22 17:48:54,222: INFO: common: yaml file: params.yaml loaded successfully]
[2023-11-22 17:48:54,222: INFO: common: created directory at: artifacts]
[2023-11-22 17:48:54,223: INFO: common: created directory at: artifacts/data_ingestion]
[2023-11-22 17:48:54,223: INFO: data_ingestion: downloading data from https://drive.google.com/file/d/1B4KfV089MgvTnffdHtUQYIpVkUH5ehpd/view?usp=sharing into file artifacts/data_ingestion/kidney-ct-scan-image.zip]
[2023-11-22 17:49:04,007: INFO: data_ingestion: Downloaded data from https://drive.google.com/file/d/1B4KfV089MgvTnffdHtUQYIpVkUH5ehpd/view?usp=sharing into firl artifacts/data_ingestion/kidney-ct-scan-image.zip]
[2023-11-22 17:49:04,533: INFO: main: >>>> stage Data ingestion stage completed <<<<<

x=======x]
[2023-11-23 21:11:36,714: INFO: common: yaml file: config\config.yaml loaded successfully]
[2023-11-23 21:11:37,072: INFO: common: yaml file: params.yaml loaded successfully]
[2023-11-23 21:11:37,074: INFO: common: created directory at: artifacts]
[2023-11-23 21:11:37,075: INFO: common: created directory at: artifacts/prepare_base_model]
[2023-11-23 21:13:26,742: INFO: common: yaml file: config\config.yaml loaded successfully]
[2023-11-23 21:13:26,745: INFO: common: yaml file: params.yaml loaded successfully]
[2023-11-23 21:13:26,746: INFO: common: created directory at: artifacts]
[2023-11-23 21:13:26,747: INFO: common: created directory at: artifacts/prepare_base_model]
[2023-11-23 21:13:30,394: INFO: common: yaml file: config\config.yaml loaded successfully]
[2023-11-23 21:13:30,396: INFO: common: yaml file: params.yaml loaded successfully]
[2023-11-23 21:13:30,397: INFO: common: created directory at: artifacts]
[2023-11-23 21:13:30,398: INFO: common: created directory at: artifacts/prepare_base_model]
[2023-11-23 21:13:36,143: INFO: common: yaml file: config\config.yaml loaded successfully]
[2023-11-23 21:13:36,145: INFO: common: yaml file: params.yaml loaded successfully]
[2023-11-23 21:13:36,146: INFO: common: created directory at: artifacts]
[2023-11-23 21:13:36,146: INFO: common: created directory at: artifacts/prepare_base_model]
[2023-11-23 21:14:46,777: INFO: common: yaml file: config\config.yaml loaded successfully]
[2023-11-23 21:14:46,779: INFO: common: yaml file: params.yaml loaded successfully]
[2023-11-23 21:14:46,780: INFO: common: created directory at: artifacts]
[2023-11-23 21:14:46,781: INFO: common: created directory at: artifacts/prepare_base_model]
[2023-11-23 21:15:19,269: INFO: common: yaml file: config\config.yaml loaded successfully]
[2023-11-23 21:15:19,273: INFO: common: yaml file: params.yaml loaded successfully]
[2023-11-23 21:15:19,274: INFO: common: created directory at: artifacts]
[2023-11-23 21:15:19,275: INFO: common: created directory at: artifacts/prepare_base_model]
[2023-11-23 21:16:27,199: INFO: common: yaml file: config\config.yaml loaded successfully]
[2023-11-23 21:16:27,201: INFO: common: yaml file: params.yaml loaded successfully]
[2023-11-23 21:16:27,202: INFO: common: created directory at: artifacts]
[2023-11-23 21:16:27,203: INFO: common: created directory at: artifacts/prepare_base_model]
[2023-11-23 21:17:08,452: INFO: common: yaml file: config\config.yaml loaded successfully]
[2023-11-23 21:17:08,454: INFO: common: yaml file: params.yaml loaded successfully]
[2023-11-23 21:17:08,455: INFO: common: created directory at: artifacts]
[2023-11-23 21:17:08,456: INFO: common: created directory at: artifacts/prepare_base_model]
[2023-11-23 21:17:22,690: INFO: common: yaml file: config\config.yaml loaded successfully]
[2023-11-23 21:17:22,693: INFO: common: yaml file: params.yaml loaded successfully]
[2023-11-23 21:17:22,694: INFO: common: created directory at: artifacts]
[2023-11-23 21:17:22,695: INFO: common: created directory at: artifacts/prepare_base_model]
[2023-11-23 21:18:40,857: INFO: common: yaml file: config\config.yaml loaded successfully]
[2023-11-23 21:18:40,859: INFO: common: yaml file: params.yaml loaded successfully]
[2023-11-23 21:18:40,859: INFO: common: created directory at: artifacts]
[2023-11-23 21:18:40,860: INFO: common: created directory at: artifacts/prepare_base_model]
[2023-11-23 21:19:40,247: INFO: common: yaml file: config\config.yaml loaded successfully]
[2023-11-23 21:19:40,249: INFO: common: yaml file: params.yaml loaded successfully]
[2023-11-23 21:19:40,250: INFO: common: created directory at: artifacts]
[2023-11-23 21:19:40,251: INFO: common: created directory at: artifacts/prepare_base_model]
[2023-11-23 21:22:34,211: INFO: common: yaml file: config\config.yaml loaded successfully]
[2023-11-23 21:22:34,214: INFO: common: yaml file: params.yaml loaded successfully]
[2023-11-23 21:22:34,214: INFO: common: created directory at: artifacts]
[2023-11-23 21:22:34,215: INFO: common: created directory at: artifacts/prepare_base_model]
[2023-11-23 21:22:34,517: WARNING: saving_utils: Compiled the loaded model, but the compiled metrics have yet to be built. `model.compile_metrics` will be empty until you train or evaluate the model.]
[2023-11-23 21:25:58,340: INFO: common: yaml file: config\config.yaml loaded successfully]
[2023-11-23 21:25:58,342: INFO: common: yaml file: params.yaml loaded successfully]
[2023-11-23 21:25:58,343: INFO: common: created directory at: artifacts]
[2023-11-23 21:25:58,343: INFO: common: created directory at: artifacts/prepare_base_model]
[2023-11-23 21:25:58,668: WARNING: saving_utils: Compiled the loaded model, but the compiled metrics have yet to be built. `model.compile_metrics` will be empty until you train or evaluate the model.]
[2023-11-23 21:27:55,694: INFO: common: yaml file: config\config.yaml loaded successfully]
[2023-11-23 21:27:55,695: INFO: common: yaml file: params.yaml loaded successfully]
[2023-11-23 21:27:55,696: INFO: common: created directory at: artifacts]
[2023-11-23 21:27:55,697: INFO: common: created directory at: artifacts/prepare_base_model]
[2023-11-23 21:27:56,025: WARNING: saving_utils: Compiled the loaded model, but the compiled metrics have yet to be built. `model.compile_metrics` will be empty until you train or evaluate the model.]
[2023-11-23 21:50:16,265: INFO: utils: Note: NumExpr detected 12 cores but "NUMEXPR_MAX_THREADS" not set, so enforcing safe limit of 8.]
[2023-11-23 21:50:16,266: INFO: utils: NumExpr defaulting to 8 threads.]
[2023-11-23 21:50:16,725: INFO: main: >>>> stage Data ingestion stage started <<<<]
[2023-11-23 21:50:16,726: INFO: common: yaml file: config\config.yaml loaded successfully]
[2023-11-23 21:50:16,728: INFO: common: yaml file: params.yaml loaded successfully]
[2023-11-23 21:50:16,728: INFO: common: created directory at: artifacts]
[2023-11-23 21:50:16,728: INFO: common: created directory at: artifacts/data_ingestion]
[2023-11-23 21:50:16,729: INFO: data_ingestion: downloading data from https://drive.google.com/file/d/1B4KfV089MgvTnffdHtUQYIpVkUH5ehpd/view?usp=sharing into file artifacts/data_ingestion/kidney-ct-scan-image.zip]
[2023-11-23 21:50:26,811: INFO: data_ingestion: Downloaded data from https://drive.google.com/file/d/1B4KfV089MgvTnffdHtUQYIpVkUH5ehpd/view?usp=sharing into firl artifacts/data_ingestion/kidney-ct-scan-image.zip]
[2023-11-23 21:50:28,338: INFO: main: >>>> stage Data ingestion stage completed <<<<<

x=======x]
[2023-11-23 21:50:28,338: INFO: main: ********]
[2023-11-23 21:50:28,338: INFO: main: >>>>stage Prepare base model started >>>>>>>]
[2023-11-23 21:50:28,340: INFO: common: yaml file: config\config.yaml loaded successfully]
[2023-11-23 21:50:28,341: INFO: common: yaml file: params.yaml loaded successfully]
[2023-11-23 21:50:28,341: INFO: common: created directory at: artifacts]
[2023-11-23 21:50:28,341: INFO: common: created directory at: artifacts/prepare_base_model]
[2023-11-23 21:50:28,701: WARNING: saving_utils: Compiled the loaded model, but the compiled metrics have yet to be built. `model.compile_metrics` will be empty until you train or evaluate the model.]
[2023-11-23 21:50:28,935: INFO: main: >>>>>stage Prepare base model completed <<<<<
]
